0 info it worked if it ends with ok
1 verbose cli [ '/Users/javierjv/.nvm/versions/node/v6.9.1/bin/node',
1 verbose cli   '/Users/javierjv/.nvm/versions/node/v6.9.1/bin/npm',
1 verbose cli   'start' ]
2 info using npm@3.10.8
3 info using node@v6.9.1
4 verbose run-script [ 'prestart', 'start', 'poststart' ]
5 info lifecycle wedding-website-server@0.0.1~prestart: wedding-website-server@0.0.1
6 silly lifecycle wedding-website-server@0.0.1~prestart: no script for prestart, continuing
7 info lifecycle wedding-website-server@0.0.1~start: wedding-website-server@0.0.1
8 verbose lifecycle wedding-website-server@0.0.1~start: unsafe-perm in lifecycle true
9 verbose lifecycle wedding-website-server@0.0.1~start: PATH: /Users/javierjv/.nvm/versions/node/v6.9.1/lib/node_modules/npm/bin/node-gyp-bin:/Users/javierjv/Workspace/catalanska/wedding-website-server/node_modules/.bin:/Users/javierjv/.rvm/gems/ruby-2.3.0/bin:/Users/javierjv/.rvm/gems/ruby-2.3.0@global/bin:/Users/javierjv/.rvm/rubies/ruby-2.3.0/bin:/Users/javierjv/.nvm/versions/node/v6.9.1/bin:/usr/local/Library/Erlang/bin:{/Users/javierjv/Library/Kerl:/usr/local/mysql/bin:/usr/local/bin:/usr/bin:/bin:/usr/sbin:/sbin:/opt/X11/bin}:/Applications/phantomjs-2.1.1-macosx/bin/:/Users/javierjv/Library/Chrome:/Users/javierjv/Library/Android/sdk/build-tools/23.0.0/:/Users/javierjv/Library/Android/sdk/platform-tools:/Users/javierjv/Library/Android/sdk/tools:/Users/javierjv/Library/Kerl:/usr/local/mysql/bin:/usr/local/bin:/usr/bin:/bin:/usr/sbin:/sbin:/opt/X11/bin:/Users/javierjv/.rvm/bin
10 verbose lifecycle wedding-website-server@0.0.1~start: CWD: /Users/javierjv/Workspace/catalanska/wedding-website-server
11 silly lifecycle wedding-website-server@0.0.1~start: Args: [ '-c', 'node index.js' ]
12 silly lifecycle wedding-website-server@0.0.1~start: Returned: code: 1  signal: null
13 info lifecycle wedding-website-server@0.0.1~start: Failed to exec start script
14 verbose stack Error: wedding-website-server@0.0.1 start: `node index.js`
14 verbose stack Exit status 1
14 verbose stack     at EventEmitter.<anonymous> (/Users/javierjv/.nvm/versions/node/v6.9.1/lib/node_modules/npm/lib/utils/lifecycle.js:255:16)
14 verbose stack     at emitTwo (events.js:106:13)
14 verbose stack     at EventEmitter.emit (events.js:191:7)
14 verbose stack     at ChildProcess.<anonymous> (/Users/javierjv/.nvm/versions/node/v6.9.1/lib/node_modules/npm/lib/utils/spawn.js:40:14)
14 verbose stack     at emitTwo (events.js:106:13)
14 verbose stack     at ChildProcess.emit (events.js:191:7)
14 verbose stack     at maybeClose (internal/child_process.js:877:16)
14 verbose stack     at Process.ChildProcess._handle.onexit (internal/child_process.js:226:5)
15 verbose pkgid wedding-website-server@0.0.1
16 verbose cwd /Users/javierjv/Workspace/catalanska/wedding-website-server
17 error Darwin 16.4.0
18 error argv "/Users/javierjv/.nvm/versions/node/v6.9.1/bin/node" "/Users/javierjv/.nvm/versions/node/v6.9.1/bin/npm" "start"
19 error node v6.9.1
20 error npm  v3.10.8
21 error code ELIFECYCLE
22 error wedding-website-server@0.0.1 start: `node index.js`
22 error Exit status 1
23 error Failed at the wedding-website-server@0.0.1 start script 'node index.js'.
23 error Make sure you have the latest version of node.js and npm installed.
23 error If you do, this is most likely a problem with the wedding-website-server package,
23 error not with npm itself.
23 error Tell the author that this fails on your system:
23 error     node index.js
23 error You can get information on how to open an issue for this project with:
23 error     npm bugs wedding-website-server
23 error Or if that isn't available, you can get their info via:
23 error     npm owner ls wedding-website-server
23 error There is likely additional logging output above.
24 verbose exit [ 1, true ]
